<?xml version="1.0" encoding="UTF-8"?>
<!-- Generated by org.testng.reporters.JUnitXMLReporter -->
<testsuite hostname="E0473750" ignored="17" name="Regression Test" tests="8" failures="8" timestamp="21 Apr 2019 15:54:56 GMT" time="12.23" errors="0">
  <testcase name="@AfterMethod TakeScreenShotWhenFailure" time="0.06" classname="tests.testbase">
    <failure type="org.openqa.selenium.NoSuchWindowException" message="no such window: target window already closed
from unknown error: web view not found
  (Session info: chrome=73.0.3683.103)
  (Driver info: chromedriver=2.45.615291 (ec3682e3c9061c10f26ea9e5cdcf3c53f3f74387),platform=Windows NT 10.0.16299 x86_64) (WARNING: The server did not provide any stacktrace information)
Command duration or timeout: 0 milliseconds
Build info: version: &amp;apos;3.141.59&amp;apos;, revision: &amp;apos;e82be7d358&amp;apos;, time: &amp;apos;2018-11-14T08:17:03&amp;apos;
System info: host: &amp;apos;E0473750&amp;apos;, ip: &amp;apos;192.168.1.5&amp;apos;, os.name: &amp;apos;Windows 10&amp;apos;, os.arch: &amp;apos;amd64&amp;apos;, os.version: &amp;apos;10.0&amp;apos;, java.version: &amp;apos;1.8.0_201&amp;apos;
Driver info: org.openqa.selenium.chrome.ChromeDriver
Capabilities {acceptInsecureCerts: false, acceptSslCerts: false, applicationCacheEnabled: false, browserConnectionEnabled: false, browserName: chrome, chrome: {chromedriverVersion: 2.45.615291 (ec3682e3c9061c..., userDataDir: C:\Users\AfifiA2\AppData\Lo...}, cssSelectorsEnabled: true, databaseEnabled: false, goog:chromeOptions: {debuggerAddress: localhost:52209}, handlesAlerts: true, hasTouchScreen: false, javascriptEnabled: true, locationContextEnabled: true, mobileEmulationEnabled: false, nativeEvents: true, networkConnectionEnabled: false, pageLoadStrategy: normal, platform: XP, platformName: XP, proxy: Proxy(), rotatable: false, setWindowRect: true, strictFileInteractability: false, takesHeapSnapshot: true, takesScreenshot: true, timeouts: {implicit: 0, pageLoad: 300000, script: 30000}, unexpectedAlertBehaviour: ignore, unhandledPromptBehavior: ignore, version: 73.0.3683.103, webStorageEnabled: true}
Session ID: e6b4b8cec0a4e834a32e15c46b0eba93">
      <![CDATA[org.openqa.selenium.NoSuchWindowException: no such window: target window already closed
from unknown error: web view not found
  (Session info: chrome=73.0.3683.103)
  (Driver info: chromedriver=2.45.615291 (ec3682e3c9061c10f26ea9e5cdcf3c53f3f74387),platform=Windows NT 10.0.16299 x86_64) (WARNING: The server did not provide any stacktrace information)
Command duration or timeout: 0 milliseconds
Build info: version: '3.141.59', revision: 'e82be7d358', time: '2018-11-14T08:17:03'
System info: host: 'E0473750', ip: '192.168.1.5', os.name: 'Windows 10', os.arch: 'amd64', os.version: '10.0', java.version: '1.8.0_201'
Driver info: org.openqa.selenium.chrome.ChromeDriver
Capabilities {acceptInsecureCerts: false, acceptSslCerts: false, applicationCacheEnabled: false, browserConnectionEnabled: false, browserName: chrome, chrome: {chromedriverVersion: 2.45.615291 (ec3682e3c9061c..., userDataDir: C:\Users\AfifiA2\AppData\Lo...}, cssSelectorsEnabled: true, databaseEnabled: false, goog:chromeOptions: {debuggerAddress: localhost:52209}, handlesAlerts: true, hasTouchScreen: false, javascriptEnabled: true, locationContextEnabled: true, mobileEmulationEnabled: false, nativeEvents: true, networkConnectionEnabled: false, pageLoadStrategy: normal, platform: XP, platformName: XP, proxy: Proxy(), rotatable: false, setWindowRect: true, strictFileInteractability: false, takesHeapSnapshot: true, takesScreenshot: true, timeouts: {implicit: 0, pageLoad: 300000, script: 30000}, unexpectedAlertBehaviour: ignore, unhandledPromptBehavior: ignore, version: 73.0.3683.103, webStorageEnabled: true}
Session ID: e6b4b8cec0a4e834a32e15c46b0eba93
at org.openqa.selenium.remote.ErrorHandler.createThrowable(ErrorHandler.java:214)
at org.openqa.selenium.remote.ErrorHandler.throwIfResponseFailed(ErrorHandler.java:166)
at org.openqa.selenium.remote.http.JsonHttpResponseCodec.reconstructValue(JsonHttpResponseCodec.java:40)
at org.openqa.selenium.remote.http.AbstractHttpResponseCodec.decode(AbstractHttpResponseCodec.java:80)
at org.openqa.selenium.remote.http.AbstractHttpResponseCodec.decode(AbstractHttpResponseCodec.java:44)
at org.openqa.selenium.remote.HttpCommandExecutor.execute(HttpCommandExecutor.java:158)
at org.openqa.selenium.remote.service.DriverCommandExecutor.execute(DriverCommandExecutor.java:83)
at org.openqa.selenium.remote.RemoteWebDriver.execute(RemoteWebDriver.java:552)
at org.openqa.selenium.remote.RemoteWebDriver.execute(RemoteWebDriver.java:609)
at org.openqa.selenium.remote.RemoteWebDriver.getScreenshotAs(RemoteWebDriver.java:295)
at Utilities.Helper.TakeScreenshots(Helper.java:21)
at tests.testbase.TakeScreenShotWhenFailure(testbase.java:95)
... Removed 36 stack frames]]>
    </failure>
  </testcase> <!-- @AfterMethod TakeScreenShotWhenFailure -->
  <testcase name="@AfterMethod TakeScreenShotWhenFailure" time="0.0" classname="tests.testbase">
    <failure type="java.lang.NullPointerException">
      <![CDATA[java.lang.NullPointerException
at Utilities.Helper.TakeScreenshots(Helper.java:21)
at tests.testbase.TakeScreenShotWhenFailure(testbase.java:95)
... Removed 32 stack frames]]>
    </failure>
  </testcase> <!-- @AfterMethod TakeScreenShotWhenFailure -->
  <testcase name="@AfterMethod TakeScreenShotWhenFailure" time="0.005" classname="tests.testbase">
    <failure type="java.lang.NullPointerException">
      <![CDATA[java.lang.NullPointerException
at Utilities.Helper.TakeScreenshots(Helper.java:21)
at tests.testbase.TakeScreenShotWhenFailure(testbase.java:95)
... Removed 32 stack frames]]>
    </failure>
  </testcase> <!-- @AfterMethod TakeScreenShotWhenFailure -->
  <testcase name="@AfterMethod TakeScreenShotWhenFailure" time="0.0" classname="tests.testbase">
    <failure type="java.lang.NullPointerException">
      <![CDATA[java.lang.NullPointerException
at Utilities.Helper.TakeScreenshots(Helper.java:21)
at tests.testbase.TakeScreenShotWhenFailure(testbase.java:95)
... Removed 32 stack frames]]>
    </failure>
  </testcase> <!-- @AfterMethod TakeScreenShotWhenFailure -->
  <testcase name="@AfterMethod TakeScreenShotWhenFailure" time="0.005" classname="tests.testbase">
    <failure type="java.lang.NullPointerException">
      <![CDATA[java.lang.NullPointerException
at Utilities.Helper.TakeScreenshots(Helper.java:21)
at tests.testbase.TakeScreenShotWhenFailure(testbase.java:95)
... Removed 32 stack frames]]>
    </failure>
  </testcase> <!-- @AfterMethod TakeScreenShotWhenFailure -->
  <testcase name="@AfterMethod TakeScreenShotWhenFailure" time="0.005" classname="tests.testbase">
    <failure type="java.lang.NullPointerException">
      <![CDATA[java.lang.NullPointerException
at Utilities.Helper.TakeScreenshots(Helper.java:21)
at tests.testbase.TakeScreenShotWhenFailure(testbase.java:95)
... Removed 32 stack frames]]>
    </failure>
  </testcase> <!-- @AfterMethod TakeScreenShotWhenFailure -->
  <testcase name="@AfterMethod TakeScreenShotWhenFailure" time="0.005" classname="tests.testbase">
    <failure type="java.lang.NullPointerException">
      <![CDATA[java.lang.NullPointerException
at Utilities.Helper.TakeScreenshots(Helper.java:21)
at tests.testbase.TakeScreenShotWhenFailure(testbase.java:95)
... Removed 32 stack frames]]>
    </failure>
  </testcase> <!-- @AfterMethod TakeScreenShotWhenFailure -->
  <testcase name="@AfterMethod TakeScreenShotWhenFailure" time="0.005" classname="tests.testbase">
    <failure type="java.lang.NullPointerException">
      <![CDATA[java.lang.NullPointerException
at Utilities.Helper.TakeScreenshots(Helper.java:21)
at tests.testbase.TakeScreenShotWhenFailure(testbase.java:95)
... Removed 32 stack frames]]>
    </failure>
  </testcase> <!-- @AfterMethod TakeScreenShotWhenFailure -->
  <testcase name="UserCanRegister" time="12.058" classname="tests.RegisterationTest">
    <failure type="org.openqa.selenium.NoSuchElementException" message="Cannot locate an element using css selector=div.result
For documentation on this error, please visit: https://www.seleniumhq.org/exceptions/no_such_element.html
Build info: version: &amp;apos;3.141.59&amp;apos;, revision: &amp;apos;e82be7d358&amp;apos;, time: &amp;apos;2018-11-14T08:17:03&amp;apos;
System info: host: &amp;apos;E0473750&amp;apos;, ip: &amp;apos;192.168.1.5&amp;apos;, os.name: &amp;apos;Windows 10&amp;apos;, os.arch: &amp;apos;amd64&amp;apos;, os.version: &amp;apos;10.0&amp;apos;, java.version: &amp;apos;1.8.0_201&amp;apos;
Driver info: driver.version: RemoteWebDriver">
      <![CDATA[org.openqa.selenium.NoSuchElementException: Cannot locate an element using css selector=div.result
For documentation on this error, please visit: https://www.seleniumhq.org/exceptions/no_such_element.html
Build info: version: '3.141.59', revision: 'e82be7d358', time: '2018-11-14T08:17:03'
System info: host: 'E0473750', ip: '192.168.1.5', os.name: 'Windows 10', os.arch: 'amd64', os.version: '10.0', java.version: '1.8.0_201'
Driver info: driver.version: RemoteWebDriver
at org.openqa.selenium.remote.RemoteWebDriver.findElement(RemoteWebDriver.java:327)
at org.openqa.selenium.remote.RemoteWebDriver.findElementByCssSelector(RemoteWebDriver.java:420)
at org.openqa.selenium.By$ByCssSelector.findElement(By.java:431)
at org.openqa.selenium.remote.RemoteWebDriver.findElement(RemoteWebDriver.java:315)
at org.openqa.selenium.support.pagefactory.DefaultElementLocator.findElement(DefaultElementLocator.java:69)
at org.openqa.selenium.support.pagefactory.internal.LocatingElementHandler.invoke(LocatingElementHandler.java:38)
at com.sun.proxy.$Proxy10.getText(Unknown Source)
at pages.UserRegisterationPage.RegisterUser(UserRegisterationPage.java:64)
at tests.RegisterationTest.UserCanRegister(RegisterationTest.java:16)
... Removed 29 stack frames]]>
    </failure>
  </testcase> <!-- UserCanRegister -->
  <testcase name="ContactUs" time="0.0" classname="tests.ContactUsTest">
    <failure type="java.lang.NullPointerException">
      <![CDATA[java.lang.NullPointerException
at java.util.Objects.requireNonNull(Objects.java:203)
at org.openqa.selenium.interactions.Actions.<init>(Actions.java:65)
at pages.HomePage.<init>(HomePage.java:14)
at tests.ContactUsTest.ContactUs(ContactUsTest.java:13)
... Removed 29 stack frames]]>
    </failure>
  </testcase> <!-- ContactUs -->
  <testcase name="ProductSearch" time="0.015" classname="tests.SearchProduct">
    <failure type="java.lang.NullPointerException">
      <![CDATA[java.lang.NullPointerException
at org.openqa.selenium.support.pagefactory.DefaultElementLocator.findElement(DefaultElementLocator.java:69)
at org.openqa.selenium.support.pagefactory.internal.LocatingElementHandler.invoke(LocatingElementHandler.java:38)
at com.sun.proxy.$Proxy10.clear(Unknown Source)
at pages.pagebase.Type(pagebase.java:29)
at pages.SearchPage.SearchOnProduct(SearchPage.java:42)
at tests.SearchProduct.ProductSearch(SearchProduct.java:18)
... Removed 29 stack frames]]>
    </failure>
  </testcase> <!-- ProductSearch -->
  <testcase name="ChangeProductCurrency" time="0.005" classname="tests.ChangeCurrency">
    <failure type="java.lang.NullPointerException">
      <![CDATA[java.lang.NullPointerException
at java.util.Objects.requireNonNull(Objects.java:203)
at org.openqa.selenium.interactions.Actions.<init>(Actions.java:65)
at pages.HomePage.<init>(HomePage.java:14)
at tests.ChangeCurrency.ChangeProductCurrency(ChangeCurrency.java:16)
... Removed 29 stack frames]]>
    </failure>
  </testcase> <!-- ChangeProductCurrency -->
  <testcase name="OpenNotebooksByHover" time="0.005" classname="tests.OpenNotebooks">
    <failure type="java.lang.NullPointerException">
      <![CDATA[java.lang.NullPointerException
at java.util.Objects.requireNonNull(Objects.java:203)
at org.openqa.selenium.interactions.Actions.<init>(Actions.java:65)
at pages.HomePage.<init>(HomePage.java:14)
at tests.OpenNotebooks.OpenNotebooksByHover(OpenNotebooks.java:17)
... Removed 29 stack frames]]>
    </failure>
  </testcase> <!-- OpenNotebooksByHover -->
  <testcase name="SendFriendEmail" time="0.0" classname="tests.SendFriendEmailTest">
    <failure type="java.lang.NullPointerException">
      <![CDATA[java.lang.NullPointerException
at java.util.Objects.requireNonNull(Objects.java:203)
at org.openqa.selenium.interactions.Actions.<init>(Actions.java:65)
at pages.HomePage.<init>(HomePage.java:14)
at tests.SendFriendEmailTest.SendFriendEmail(SendFriendEmailTest.java:16)
... Removed 29 stack frames]]>
    </failure>
  </testcase> <!-- SendFriendEmail -->
  <testcase name="AddingReviewing" time="0.0" classname="tests.AddingReviewTest">
    <failure type="java.lang.NullPointerException">
      <![CDATA[java.lang.NullPointerException
at java.util.Objects.requireNonNull(Objects.java:203)
at org.openqa.selenium.interactions.Actions.<init>(Actions.java:65)
at pages.HomePage.<init>(HomePage.java:14)
at tests.AddingReviewTest.AddingReviewing(AddingReviewTest.java:16)
... Removed 29 stack frames]]>
    </failure>
  </testcase> <!-- AddingReviewing -->
  <testcase name="ChangePassword" time="0.0" classname="tests.ChangePasswordTest">
    <failure type="java.lang.NullPointerException">
      <![CDATA[java.lang.NullPointerException
at java.util.Objects.requireNonNull(Objects.java:203)
at org.openqa.selenium.interactions.Actions.<init>(Actions.java:65)
at pages.HomePage.<init>(HomePage.java:14)
at tests.ChangePasswordTest.ChangePassword(ChangePasswordTest.java:29)
... Removed 29 stack frames]]>
    </failure>
  </testcase> <!-- ChangePassword -->
  <testcase name="@AfterSuite EndDriver" time="0.0" classname="tests.testbase">
    <ignored/>
  </testcase> <!-- @AfterSuite EndDriver -->
  <testcase name="@AfterSuite EndDriver" time="0.0" classname="tests.testbase">
    <ignored/>
  </testcase> <!-- @AfterSuite EndDriver -->
  <testcase name="@AfterSuite EndDriver" time="0.0" classname="tests.testbase">
    <ignored/>
  </testcase> <!-- @AfterSuite EndDriver -->
  <testcase name="@AfterSuite EndDriver" time="0.0" classname="tests.testbase">
    <ignored/>
  </testcase> <!-- @AfterSuite EndDriver -->
  <testcase name="@AfterSuite EndDriver" time="0.0" classname="tests.testbase">
    <ignored/>
  </testcase> <!-- @AfterSuite EndDriver -->
  <testcase name="@AfterSuite EndDriver" time="0.0" classname="tests.testbase">
    <ignored/>
  </testcase> <!-- @AfterSuite EndDriver -->
  <testcase name="@AfterSuite EndDriver" time="0.0" classname="tests.testbase">
    <ignored/>
  </testcase> <!-- @AfterSuite EndDriver -->
  <testcase name="UserChangePassword" time="0.0" classname="tests.ChangePasswordTest">
    <ignored/>
  </testcase> <!-- UserChangePassword -->
  <testcase name="@BeforeSuite StartDriver" time="0.0" classname="tests.testbase">
    <ignored/>
  </testcase> <!-- @BeforeSuite StartDriver -->
  <testcase name="@BeforeSuite StartDriver" time="0.0" classname="tests.testbase">
    <ignored/>
  </testcase> <!-- @BeforeSuite StartDriver -->
  <testcase name="@BeforeSuite StartDriver" time="0.0" classname="tests.testbase">
    <ignored/>
  </testcase> <!-- @BeforeSuite StartDriver -->
  <testcase name="@BeforeSuite StartDriver" time="0.0" classname="tests.testbase">
    <ignored/>
  </testcase> <!-- @BeforeSuite StartDriver -->
  <testcase name="@BeforeSuite StartDriver" time="0.0" classname="tests.testbase">
    <ignored/>
  </testcase> <!-- @BeforeSuite StartDriver -->
  <testcase name="@BeforeSuite StartDriver" time="0.0" classname="tests.testbase">
    <ignored/>
  </testcase> <!-- @BeforeSuite StartDriver -->
  <testcase name="@BeforeSuite StartDriver" time="0.0" classname="tests.testbase">
    <ignored/>
  </testcase> <!-- @BeforeSuite StartDriver -->
  <testcase name="VerifyLoginWithNewPassword" time="0.0" classname="tests.ChangePasswordTest">
    <ignored/>
  </testcase> <!-- VerifyLoginWithNewPassword -->
  <testcase name="RegisterUser" time="0.0" classname="tests.ChangePasswordTest">
    <ignored/>
  </testcase> <!-- RegisterUser -->
</testsuite> <!-- Regression Test -->
