<html>
<head>
<title>TestNG:  Regression Test</title>
<link href="../testng.css" rel="stylesheet" type="text/css" />
<link href="../my-testng.css" rel="stylesheet" type="text/css" />

<style type="text/css">
.log { display: none;} 
.stack-trace { display: none;} 
</style>
<script type="text/javascript">
<!--
function flip(e) {
  current = e.style.display;
  if (current == 'block') {
    e.style.display = 'none';
    return 0;
  }
  else {
    e.style.display = 'block';
    return 1;
  }
}

function toggleBox(szDivId, elem, msg1, msg2)
{
  var res = -1;  if (document.getElementById) {
    res = flip(document.getElementById(szDivId));
  }
  else if (document.all) {
    // this is the way old msie versions work
    res = flip(document.all[szDivId]);
  }
  if(elem) {
    if(res == 0) elem.innerHTML = msg1; else elem.innerHTML = msg2;
  }

}

function toggleAllBoxes() {
  if (document.getElementsByTagName) {
    d = document.getElementsByTagName('div');
    for (i = 0; i < d.length; i++) {
      if (d[i].className == 'log') {
        flip(d[i]);
      }
    }
  }
}

// -->
</script>

</head>
<body>
<h2 align='center'>Regression Test</h2><table border='1' align="center">
<tr>
<td>Tests passed/Failed/Skipped:</td><td>1/1/6</td>
</tr><tr>
<td>Started on:</td><td>Sun Apr 21 17:52:38 EET 2019</td>
</tr>
<tr><td>Total time:</td><td>8 seconds (8290 ms)</td>
</tr><tr>
<td>Included groups:</td><td></td>
</tr><tr>
<td>Excluded groups:</td><td></td>
</tr>
</table><p/>
<small><i>(Hover the method name to see the test class name)</i></small><p/>
<table width='100%' border='1' class='invocation-failed'>
<tr><td colspan='4' align='center'><b>FAILED CONFIGURATIONS</b></td></tr>
<tr><td><b>Test method</b></td>
<td width="30%"><b>Exception</b></td>
<td width="10%"><b>Time (seconds)</b></td>
<td><b>Instance</b></td>
</tr>
<tr>
<td title='tests.ContactUsTest.TakeScreenShotWhenFailure()'><b>TakeScreenShotWhenFailure</b><br>Test class: tests.ContactUsTest<br>Parameters: [TestResult name=ContactUs status=FAILURE method=ContactUsTest.ContactUs()[pri:0, instance:tests.ContactUsTest@66d33a] output={null}]</td>
<td><div><pre>java.lang.NullPointerException
	at Utilities.Helper.TakeScreenshots(Helper.java:21)
	at tests.testbase.TakeScreenShotWhenFailure(testbase.java:95)
... Removed 26 stack frames</pre></div><a href='#' onClick='toggleBox("stack-trace324404955", this, "Click to show all stack frames", "Click to hide stack frames")'>Click to show all stack frames</a>
<div class='stack-trace' id='stack-trace324404955'><pre>java.lang.NullPointerException
	at Utilities.Helper.TakeScreenshots(Helper.java:21)
	at tests.testbase.TakeScreenShotWhenFailure(testbase.java:95)
	at sun.reflect.NativeMethodAccessorImpl.invoke0(Native Method)
	at sun.reflect.NativeMethodAccessorImpl.invoke(Unknown Source)
	at sun.reflect.DelegatingMethodAccessorImpl.invoke(Unknown Source)
	at java.lang.reflect.Method.invoke(Unknown Source)
	at org.testng.internal.MethodInvocationHelper.invokeMethod(MethodInvocationHelper.java:86)
	at org.testng.internal.Invoker.invokeConfigurationMethod(Invoker.java:514)
	at org.testng.internal.Invoker.invokeConfigurations(Invoker.java:215)
	at org.testng.internal.Invoker.invokeMethod(Invoker.java:709)
	at org.testng.internal.Invoker.invokeTestMethod(Invoker.java:822)
	at org.testng.internal.Invoker.invokeTestMethods(Invoker.java:1130)
	at org.testng.internal.TestMethodWorker.invokeTestMethods(TestMethodWorker.java:129)
	at org.testng.internal.TestMethodWorker.run(TestMethodWorker.java:112)
	at org.testng.TestRunner.privateRun(TestRunner.java:782)
	at org.testng.TestRunner.run(TestRunner.java:632)
	at org.testng.SuiteRunner.runTest(SuiteRunner.java:366)
	at org.testng.SuiteRunner.runSequentially(SuiteRunner.java:361)
	at org.testng.SuiteRunner.privateRun(SuiteRunner.java:319)
	at org.testng.SuiteRunner.run(SuiteRunner.java:268)
	at org.testng.SuiteRunnerWorker.runSuite(SuiteRunnerWorker.java:52)
	at org.testng.SuiteRunnerWorker.run(SuiteRunnerWorker.java:86)
	at org.testng.TestNG.runSuitesSequentially(TestNG.java:1244)
	at org.testng.TestNG.runSuitesLocally(TestNG.java:1169)
	at org.testng.TestNG.run(TestNG.java:1064)
	at org.testng.remote.RemoteTestNG.run(RemoteTestNG.java:113)
	at org.testng.remote.RemoteTestNG.initAndRun(RemoteTestNG.java:206)
	at org.testng.remote.RemoteTestNG.main(RemoteTestNG.java:177)
</pre></div></td>
<td>0</td>
<td>tests.ContactUsTest@66d33a</td></tr>
</table><p>
<table width='100%' border='1' class='invocation-skipped'>
<tr><td colspan='4' align='center'><b>SKIPPED CONFIGURATIONS</b></td></tr>
<tr><td><b>Test method</b></td>
<td width="30%"><b>Exception</b></td>
<td width="10%"><b>Time (seconds)</b></td>
<td><b>Instance</b></td>
</tr>
<tr>
<td title='tests.SearchProduct.TakeScreenShotWhenFailure()'><b>TakeScreenShotWhenFailure</b><br>Test class: tests.SearchProduct</td>
<td></td>
<td>0</td>
<td>tests.SearchProduct@7cf10a6f</td></tr>
<tr>
<td title='tests.ChangeCurrency.TakeScreenShotWhenFailure()'><b>TakeScreenShotWhenFailure</b><br>Test class: tests.ChangeCurrency</td>
<td></td>
<td>0</td>
<td>tests.ChangeCurrency@7e0babb1</td></tr>
<tr>
<td title='tests.OpenNotebooks.TakeScreenShotWhenFailure()'><b>TakeScreenShotWhenFailure</b><br>Test class: tests.OpenNotebooks</td>
<td></td>
<td>0</td>
<td>tests.OpenNotebooks@6debcae2</td></tr>
<tr>
<td title='tests.SendFriendEmailTest.TakeScreenShotWhenFailure()'><b>TakeScreenShotWhenFailure</b><br>Test class: tests.SendFriendEmailTest</td>
<td></td>
<td>0</td>
<td>tests.SendFriendEmailTest@5ba23b66</td></tr>
<tr>
<td title='tests.AddingReviewTest.TakeScreenShotWhenFailure()'><b>TakeScreenShotWhenFailure</b><br>Test class: tests.AddingReviewTest</td>
<td></td>
<td>0</td>
<td>tests.AddingReviewTest@2ff4f00f</td></tr>
<tr>
<td title='tests.ChangePasswordTest.TakeScreenShotWhenFailure()'><b>TakeScreenShotWhenFailure</b><br>Test class: tests.ChangePasswordTest</td>
<td></td>
<td>0</td>
<td>tests.ChangePasswordTest@c818063</td></tr>
</table><p>
<table width='100%' border='1' class='invocation-failed'>
<tr><td colspan='4' align='center'><b>FAILED TESTS</b></td></tr>
<tr><td><b>Test method</b></td>
<td width="30%"><b>Exception</b></td>
<td width="10%"><b>Time (seconds)</b></td>
<td><b>Instance</b></td>
</tr>
<tr>
<td title='tests.ContactUsTest.ContactUs()'><b>ContactUs</b><br>Test class: tests.ContactUsTest</td>
<td><div><pre>java.lang.NullPointerException
	at java.util.Objects.requireNonNull(Unknown Source)
	at org.openqa.selenium.interactions.Actions.&lt;init&gt;(Actions.java:65)
	at pages.HomePage.&lt;init&gt;(HomePage.java:14)
	at tests.ContactUsTest.ContactUs(ContactUsTest.java:13)
... Removed 24 stack frames</pre></div><a href='#' onClick='toggleBox("stack-trace1818339587", this, "Click to show all stack frames", "Click to hide stack frames")'>Click to show all stack frames</a>
<div class='stack-trace' id='stack-trace1818339587'><pre>java.lang.NullPointerException
	at java.util.Objects.requireNonNull(Unknown Source)
	at org.openqa.selenium.interactions.Actions.&lt;init&gt;(Actions.java:65)
	at pages.HomePage.&lt;init&gt;(HomePage.java:14)
	at tests.ContactUsTest.ContactUs(ContactUsTest.java:13)
	at sun.reflect.NativeMethodAccessorImpl.invoke0(Native Method)
	at sun.reflect.NativeMethodAccessorImpl.invoke(Unknown Source)
	at sun.reflect.DelegatingMethodAccessorImpl.invoke(Unknown Source)
	at java.lang.reflect.Method.invoke(Unknown Source)
	at org.testng.internal.MethodInvocationHelper.invokeMethod(MethodInvocationHelper.java:86)
	at org.testng.internal.Invoker.invokeMethod(Invoker.java:645)
	at org.testng.internal.Invoker.invokeTestMethod(Invoker.java:822)
	at org.testng.internal.Invoker.invokeTestMethods(Invoker.java:1130)
	at org.testng.internal.TestMethodWorker.invokeTestMethods(TestMethodWorker.java:129)
	at org.testng.internal.TestMethodWorker.run(TestMethodWorker.java:112)
	at org.testng.TestRunner.privateRun(TestRunner.java:782)
	at org.testng.TestRunner.run(TestRunner.java:632)
	at org.testng.SuiteRunner.runTest(SuiteRunner.java:366)
	at org.testng.SuiteRunner.runSequentially(SuiteRunner.java:361)
	at org.testng.SuiteRunner.privateRun(SuiteRunner.java:319)
	at org.testng.SuiteRunner.run(SuiteRunner.java:268)
	at org.testng.SuiteRunnerWorker.runSuite(SuiteRunnerWorker.java:52)
	at org.testng.SuiteRunnerWorker.run(SuiteRunnerWorker.java:86)
	at org.testng.TestNG.runSuitesSequentially(TestNG.java:1244)
	at org.testng.TestNG.runSuitesLocally(TestNG.java:1169)
	at org.testng.TestNG.run(TestNG.java:1064)
	at org.testng.remote.RemoteTestNG.run(RemoteTestNG.java:113)
	at org.testng.remote.RemoteTestNG.initAndRun(RemoteTestNG.java:206)
	at org.testng.remote.RemoteTestNG.main(RemoteTestNG.java:177)
</pre></div></td>
<td>0</td>
<td>tests.ContactUsTest@66d33a</td></tr>
</table><p>
<table width='100%' border='1' class='invocation-passed'>
<tr><td colspan='4' align='center'><b>PASSED TESTS</b></td></tr>
<tr><td><b>Test method</b></td>
<td width="30%"><b>Exception</b></td>
<td width="10%"><b>Time (seconds)</b></td>
<td><b>Instance</b></td>
</tr>
<tr>
<td title='tests.RegisterationTest.UserCanRegister()'><b>UserCanRegister</b><br>Test class: tests.RegisterationTest</td>
<td></td>
<td>8</td>
<td>tests.RegisterationTest@4cdbe50f</td></tr>
</table><p>
<table width='100%' border='1' class='invocation-skipped'>
<tr><td colspan='4' align='center'><b>SKIPPED TESTS</b></td></tr>
<tr><td><b>Test method</b></td>
<td width="30%"><b>Exception</b></td>
<td width="10%"><b>Time (seconds)</b></td>
<td><b>Instance</b></td>
</tr>
<tr>
<td title='tests.AddingReviewTest.AddingReviewing()'><b>AddingReviewing</b><br>Test class: tests.AddingReviewTest</td>
<td></td>
<td>0</td>
<td>tests.AddingReviewTest@2ff4f00f</td></tr>
<tr>
<td title='tests.ChangePasswordTest.ChangePassword()'><b>ChangePassword</b><br>Test class: tests.ChangePasswordTest</td>
<td></td>
<td>0</td>
<td>tests.ChangePasswordTest@c818063</td></tr>
<tr>
<td title='tests.ChangeCurrency.ChangeProductCurrency()'><b>ChangeProductCurrency</b><br>Test class: tests.ChangeCurrency</td>
<td></td>
<td>0</td>
<td>tests.ChangeCurrency@7e0babb1</td></tr>
<tr>
<td title='tests.OpenNotebooks.OpenNotebooksByHover()'><b>OpenNotebooksByHover</b><br>Test class: tests.OpenNotebooks</td>
<td></td>
<td>0</td>
<td>tests.OpenNotebooks@6debcae2</td></tr>
<tr>
<td title='tests.SearchProduct.ProductSearch()'><b>ProductSearch</b><br>Test class: tests.SearchProduct</td>
<td></td>
<td>0</td>
<td>tests.SearchProduct@7cf10a6f</td></tr>
<tr>
<td title='tests.SendFriendEmailTest.SendFriendEmail()'><b>SendFriendEmail</b><br>Test class: tests.SendFriendEmailTest</td>
<td></td>
<td>0</td>
<td>tests.SendFriendEmailTest@5ba23b66</td></tr>
</table><p>
</body>
</html>