<?xml version="1.0" encoding="UTF-8"?>
<!-- Generated by org.testng.reporters.JUnitXMLReporter -->
<testsuite hostname="E0473750" name="Regression Test" tests="8" failures="1" timestamp="21 Apr 2019 15:52:46 GMT" time="8.29" errors="0">
  <testcase name="@AfterMethod TakeScreenShotWhenFailure" time="0.0" classname="tests.ContactUsTest">
    <failure type="java.lang.NullPointerException">
      <![CDATA[java.lang.NullPointerException
	at Utilities.Helper.TakeScreenshots(Helper.java:21)
	at tests.testbase.TakeScreenShotWhenFailure(testbase.java:95)
... Removed 26 stack frames]]>
    </failure>
  </testcase> <!-- @AfterMethod TakeScreenShotWhenFailure -->
  <testcase name="@AfterMethod TakeScreenShotWhenFailure" time="0.0" classname="tests.SearchProduct">
    <skipped/>
  </testcase> <!-- @AfterMethod TakeScreenShotWhenFailure -->
  <testcase name="@AfterMethod TakeScreenShotWhenFailure" time="0.0" classname="tests.ChangeCurrency">
    <skipped/>
  </testcase> <!-- @AfterMethod TakeScreenShotWhenFailure -->
  <testcase name="@AfterMethod TakeScreenShotWhenFailure" time="0.0" classname="tests.OpenNotebooks">
    <skipped/>
  </testcase> <!-- @AfterMethod TakeScreenShotWhenFailure -->
  <testcase name="@AfterMethod TakeScreenShotWhenFailure" time="0.0" classname="tests.SendFriendEmailTest">
    <skipped/>
  </testcase> <!-- @AfterMethod TakeScreenShotWhenFailure -->
  <testcase name="@AfterMethod TakeScreenShotWhenFailure" time="0.0" classname="tests.AddingReviewTest">
    <skipped/>
  </testcase> <!-- @AfterMethod TakeScreenShotWhenFailure -->
  <testcase name="@AfterMethod TakeScreenShotWhenFailure" time="0.0" classname="tests.ChangePasswordTest">
    <skipped/>
  </testcase> <!-- @AfterMethod TakeScreenShotWhenFailure -->
  <testcase name="UserCanRegister" time="8.253" classname="tests.RegisterationTest"/>
  <testcase name="ContactUs" time="0.001" classname="tests.ContactUsTest">
    <failure type="java.lang.NullPointerException">
      <![CDATA[java.lang.NullPointerException
	at java.util.Objects.requireNonNull(Unknown Source)
	at org.openqa.selenium.interactions.Actions.<init>(Actions.java:65)
	at pages.HomePage.<init>(HomePage.java:14)
	at tests.ContactUsTest.ContactUs(ContactUsTest.java:13)
... Removed 24 stack frames]]>
    </failure>
  </testcase> <!-- ContactUs -->
  <testcase name="ProductSearch" time="0.0" classname="tests.SearchProduct">
    <skipped/>
  </testcase> <!-- ProductSearch -->
  <testcase name="ChangeProductCurrency" time="0.0" classname="tests.ChangeCurrency">
    <skipped/>
  </testcase> <!-- ChangeProductCurrency -->
  <testcase name="OpenNotebooksByHover" time="0.0" classname="tests.OpenNotebooks">
    <skipped/>
  </testcase> <!-- OpenNotebooksByHover -->
  <testcase name="SendFriendEmail" time="0.001" classname="tests.SendFriendEmailTest">
    <skipped/>
  </testcase> <!-- SendFriendEmail -->
  <testcase name="AddingReviewing" time="0.0" classname="tests.AddingReviewTest">
    <skipped/>
  </testcase> <!-- AddingReviewing -->
  <testcase name="ChangePassword" time="0.0" classname="tests.ChangePasswordTest">
    <skipped/>
  </testcase> <!-- ChangePassword -->
</testsuite> <!-- Regression Test -->
