<!DOCTYPE html PUBLIC "-//W3C//DTD XHTML 1.1//EN" "http://www.w3.org/TR/xhtml11/DTD/xhtml11.dtd">
<html xmlns="http://www.w3.org/1999/xhtml">
<head>
<meta http-equiv="content-type" content="text/html; charset=UTF-8"/>
<title>TestNG Report</title>
<style type="text/css">table {margin-bottom:10px;border-collapse:collapse;empty-cells:show}th,td {border:1px solid #009;padding:.25em .5em}th {vertical-align:bottom}td {vertical-align:top}table a {font-weight:bold}.stripe td {background-color: #E6EBF9}.num {text-align:right}.passedodd td {background-color: #3F3}.passedeven td {background-color: #0A0}.skippedodd td {background-color: #DDD}.skippedeven td {background-color: #CCC}.failedodd td,.attn {background-color: #F33}.failedeven td,.stripe .attn {background-color: #D00}.stacktrace {white-space:pre;font-family:monospace}.totop {font-size:85%;text-align:center;border-bottom:2px solid #000}.invisible {display:none}</style>
</head>
<body>
<table>
<tr><th>Test</th><th># Passed</th><th># Skipped</th><th># Failed</th><th>Time (ms)</th><th>Included Groups</th><th>Excluded Groups</th></tr>
<tr><th colspan="7">Regression Suite</th></tr>
<tr><td><a href="#t0">Regression Test</a></td><td class="num">0</td><td class="num">0</td><td class="num attn">8</td><td class="num">12,230</td><td></td><td></td></tr>
</table>
<table id='summary'><thead><tr><th>Class</th><th>Method</th><th>Start</th><th>Time (ms)</th></tr></thead><tbody><tr><th colspan="4">Regression Suite</th></tr></tbody><tbody id="t0"><tr><th colspan="4">Regression Test &#8212; failed (configuration methods)</th></tr><tr class="failedeven"><td rowspan="1">tests.AddingReviewTest</td><td><a href="#m0">TakeScreenShotWhenFailure</a></td><td rowspan="1">1555862096891</td><td rowspan="1">5</td></tr><tr class="failedodd"><td rowspan="1">tests.ChangeCurrency</td><td><a href="#m1">TakeScreenShotWhenFailure</a></td><td rowspan="1">1555862096871</td><td rowspan="1">0</td></tr><tr class="failedeven"><td rowspan="1">tests.ChangePasswordTest</td><td><a href="#m2">TakeScreenShotWhenFailure</a></td><td rowspan="1">1555862096901</td><td rowspan="1">5</td></tr><tr class="failedodd"><td rowspan="1">tests.ContactUsTest</td><td><a href="#m3">TakeScreenShotWhenFailure</a></td><td rowspan="1">1555862096836</td><td rowspan="1">0</td></tr><tr class="failedeven"><td rowspan="1">tests.OpenNotebooks</td><td><a href="#m4">TakeScreenShotWhenFailure</a></td><td rowspan="1">1555862096876</td><td rowspan="1">5</td></tr><tr class="failedodd"><td rowspan="1">tests.RegisterationTest</td><td><a href="#m5">TakeScreenShotWhenFailure</a></td><td rowspan="1">1555862096766</td><td rowspan="1">60</td></tr><tr class="failedeven"><td rowspan="1">tests.SearchProduct</td><td><a href="#m6">TakeScreenShotWhenFailure</a></td><td rowspan="1">1555862096856</td><td rowspan="1">5</td></tr><tr class="failedodd"><td rowspan="1">tests.SendFriendEmailTest</td><td><a href="#m7">TakeScreenShotWhenFailure</a></td><td rowspan="1">1555862096886</td><td rowspan="1">5</td></tr><tr><th colspan="4">Regression Test &#8212; failed</th></tr><tr class="failedeven"><td rowspan="1">tests.AddingReviewTest</td><td><a href="#m8">AddingReviewing</a></td><td rowspan="1">1555862096891</td><td rowspan="1">0</td></tr><tr class="failedodd"><td rowspan="1">tests.ChangeCurrency</td><td><a href="#m9">ChangeProductCurrency</a></td><td rowspan="1">1555862096861</td><td rowspan="1">5</td></tr><tr class="failedeven"><td rowspan="1">tests.ChangePasswordTest</td><td><a href="#m10">ChangePassword</a></td><td rowspan="1">1555862096901</td><td rowspan="1">0</td></tr><tr class="failedodd"><td rowspan="1">tests.ContactUsTest</td><td><a href="#m11">ContactUs</a></td><td rowspan="1">1555862096836</td><td rowspan="1">0</td></tr><tr class="failedeven"><td rowspan="1">tests.OpenNotebooks</td><td><a href="#m12">OpenNotebooksByHover</a></td><td rowspan="1">1555862096871</td><td rowspan="1">5</td></tr><tr class="failedodd"><td rowspan="1">tests.RegisterationTest</td><td><a href="#m13">UserCanRegister</a></td><td rowspan="1">1555862084691</td><td rowspan="1">12058</td></tr><tr class="failedeven"><td rowspan="1">tests.SearchProduct</td><td><a href="#m14">ProductSearch</a></td><td rowspan="1">1555862096841</td><td rowspan="1">15</td></tr><tr class="failedodd"><td rowspan="1">tests.SendFriendEmailTest</td><td><a href="#m15">SendFriendEmail</a></td><td rowspan="1">1555862096886</td><td rowspan="1">0</td></tr></tbody>
</table>
<h2>Regression Test</h2><h3 id="m0">tests.AddingReviewTest#TakeScreenShotWhenFailure</h3><table class="result"><tr class="param"><th>Parameter #1</th></tr><tr class="param stripe"><td>[TestResult name=AddingReviewing status=FAILURE method=AddingReviewTest.AddingReviewing()[pri:0, instance:tests.AddingReviewTest@3a03464] output={null}]</td></tr><tr><th>Exception</th></tr><tr><td><div class="stacktrace">java.lang.NullPointerException
	at Utilities.Helper.TakeScreenshots(Helper.java:21)
	at tests.testbase.TakeScreenShotWhenFailure(testbase.java:95)
... Removed 32 stack frames</div></td></tr></table><p class="totop"><a href="#summary">back to summary</a></p>
<h3 id="m1">tests.ChangeCurrency#TakeScreenShotWhenFailure</h3><table class="result"><tr class="param"><th>Parameter #1</th></tr><tr class="param stripe"><td>[TestResult name=ChangeProductCurrency status=FAILURE method=ChangeCurrency.ChangeProductCurrency()[pri:0, instance:tests.ChangeCurrency@1936f0f5] output={null}]</td></tr><tr><th>Exception</th></tr><tr><td><div class="stacktrace">java.lang.NullPointerException
	at Utilities.Helper.TakeScreenshots(Helper.java:21)
	at tests.testbase.TakeScreenShotWhenFailure(testbase.java:95)
... Removed 32 stack frames</div></td></tr></table><p class="totop"><a href="#summary">back to summary</a></p>
<h3 id="m2">tests.ChangePasswordTest#TakeScreenShotWhenFailure</h3><table class="result"><tr class="param"><th>Parameter #1</th></tr><tr class="param stripe"><td>[TestResult name=ChangePassword status=FAILURE method=ChangePasswordTest.ChangePassword()[pri:0, instance:tests.ChangePasswordTest@2d3fcdbd] output={null}]</td></tr><tr><th>Exception</th></tr><tr><td><div class="stacktrace">java.lang.NullPointerException
	at Utilities.Helper.TakeScreenshots(Helper.java:21)
	at tests.testbase.TakeScreenShotWhenFailure(testbase.java:95)
... Removed 32 stack frames</div></td></tr></table><p class="totop"><a href="#summary">back to summary</a></p>
<h3 id="m3">tests.ContactUsTest#TakeScreenShotWhenFailure</h3><table class="result"><tr class="param"><th>Parameter #1</th></tr><tr class="param stripe"><td>[TestResult name=ContactUs status=FAILURE method=ContactUsTest.ContactUs()[pri:0, instance:tests.ContactUsTest@15975490] output={null}]</td></tr><tr><th>Exception</th></tr><tr><td><div class="stacktrace">java.lang.NullPointerException
	at Utilities.Helper.TakeScreenshots(Helper.java:21)
	at tests.testbase.TakeScreenShotWhenFailure(testbase.java:95)
... Removed 32 stack frames</div></td></tr></table><p class="totop"><a href="#summary">back to summary</a></p>
<h3 id="m4">tests.OpenNotebooks#TakeScreenShotWhenFailure</h3><table class="result"><tr class="param"><th>Parameter #1</th></tr><tr class="param stripe"><td>[TestResult name=OpenNotebooksByHover status=FAILURE method=OpenNotebooks.OpenNotebooksByHover()[pri:0, instance:tests.OpenNotebooks@6615435c] output={null}]</td></tr><tr><th>Exception</th></tr><tr><td><div class="stacktrace">java.lang.NullPointerException
	at Utilities.Helper.TakeScreenshots(Helper.java:21)
	at tests.testbase.TakeScreenShotWhenFailure(testbase.java:95)
... Removed 32 stack frames</div></td></tr></table><p class="totop"><a href="#summary">back to summary</a></p>
<h3 id="m5">tests.RegisterationTest#TakeScreenShotWhenFailure</h3><table class="result"><tr class="param"><th>Parameter #1</th></tr><tr class="param stripe"><td>[TestResult name=UserCanRegister status=FAILURE method=RegisterationTest.UserCanRegister()[pri:0, instance:tests.RegisterationTest@47f6473] output={null}]</td></tr><tr><th>Exception</th></tr><tr><td><div class="stacktrace">org.openqa.selenium.NoSuchWindowException: no such window: target window already closed
from unknown error: web view not found
  (Session info: chrome=73.0.3683.103)
  (Driver info: chromedriver=2.45.615291 (ec3682e3c9061c10f26ea9e5cdcf3c53f3f74387),platform=Windows NT 10.0.16299 x86_64) (WARNING: The server did not provide any stacktrace information)
Command duration or timeout: 0 milliseconds
Build info: version: &apos;3.141.59&apos;, revision: &apos;e82be7d358&apos;, time: &apos;2018-11-14T08:17:03&apos;
System info: host: &apos;E0473750&apos;, ip: &apos;192.168.1.5&apos;, os.name: &apos;Windows 10&apos;, os.arch: &apos;amd64&apos;, os.version: &apos;10.0&apos;, java.version: &apos;1.8.0_201&apos;
Driver info: org.openqa.selenium.chrome.ChromeDriver
Capabilities {acceptInsecureCerts: false, acceptSslCerts: false, applicationCacheEnabled: false, browserConnectionEnabled: false, browserName: chrome, chrome: {chromedriverVersion: 2.45.615291 (ec3682e3c9061c..., userDataDir: C:\Users\AfifiA2\AppData\Lo...}, cssSelectorsEnabled: true, databaseEnabled: false, goog:chromeOptions: {debuggerAddress: localhost:52209}, handlesAlerts: true, hasTouchScreen: false, javascriptEnabled: true, locationContextEnabled: true, mobileEmulationEnabled: false, nativeEvents: true, networkConnectionEnabled: false, pageLoadStrategy: normal, platform: XP, platformName: XP, proxy: Proxy(), rotatable: false, setWindowRect: true, strictFileInteractability: false, takesHeapSnapshot: true, takesScreenshot: true, timeouts: {implicit: 0, pageLoad: 300000, script: 30000}, unexpectedAlertBehaviour: ignore, unhandledPromptBehavior: ignore, version: 73.0.3683.103, webStorageEnabled: true}
Session ID: e6b4b8cec0a4e834a32e15c46b0eba93
	at org.openqa.selenium.remote.ErrorHandler.createThrowable(ErrorHandler.java:214)
	at org.openqa.selenium.remote.ErrorHandler.throwIfResponseFailed(ErrorHandler.java:166)
	at org.openqa.selenium.remote.http.JsonHttpResponseCodec.reconstructValue(JsonHttpResponseCodec.java:40)
	at org.openqa.selenium.remote.http.AbstractHttpResponseCodec.decode(AbstractHttpResponseCodec.java:80)
	at org.openqa.selenium.remote.http.AbstractHttpResponseCodec.decode(AbstractHttpResponseCodec.java:44)
	at org.openqa.selenium.remote.HttpCommandExecutor.execute(HttpCommandExecutor.java:158)
	at org.openqa.selenium.remote.service.DriverCommandExecutor.execute(DriverCommandExecutor.java:83)
	at org.openqa.selenium.remote.RemoteWebDriver.execute(RemoteWebDriver.java:552)
	at org.openqa.selenium.remote.RemoteWebDriver.execute(RemoteWebDriver.java:609)
	at org.openqa.selenium.remote.RemoteWebDriver.getScreenshotAs(RemoteWebDriver.java:295)
	at Utilities.Helper.TakeScreenshots(Helper.java:21)
	at tests.testbase.TakeScreenShotWhenFailure(testbase.java:95)
... Removed 36 stack frames</div></td></tr></table><p class="totop"><a href="#summary">back to summary</a></p>
<h3 id="m6">tests.SearchProduct#TakeScreenShotWhenFailure</h3><table class="result"><tr class="param"><th>Parameter #1</th></tr><tr class="param stripe"><td>[TestResult name=ProductSearch status=FAILURE method=SearchProduct.ProductSearch()[pri:0, instance:tests.SearchProduct@6b143ee9] output={null}]</td></tr><tr><th>Exception</th></tr><tr><td><div class="stacktrace">java.lang.NullPointerException
	at Utilities.Helper.TakeScreenshots(Helper.java:21)
	at tests.testbase.TakeScreenShotWhenFailure(testbase.java:95)
... Removed 32 stack frames</div></td></tr></table><p class="totop"><a href="#summary">back to summary</a></p>
<h3 id="m7">tests.SendFriendEmailTest#TakeScreenShotWhenFailure</h3><table class="result"><tr class="param"><th>Parameter #1</th></tr><tr class="param stripe"><td>[TestResult name=SendFriendEmail status=FAILURE method=SendFriendEmailTest.SendFriendEmail()[pri:0, instance:tests.SendFriendEmailTest@4909b8da] output={null}]</td></tr><tr><th>Exception</th></tr><tr><td><div class="stacktrace">java.lang.NullPointerException
	at Utilities.Helper.TakeScreenshots(Helper.java:21)
	at tests.testbase.TakeScreenShotWhenFailure(testbase.java:95)
... Removed 32 stack frames</div></td></tr></table><p class="totop"><a href="#summary">back to summary</a></p>
<h3 id="m8">tests.AddingReviewTest#AddingReviewing</h3><table class="result"><tr><th>Exception</th></tr><tr><td><div class="stacktrace">java.lang.NullPointerException
	at java.util.Objects.requireNonNull(Objects.java:203)
	at org.openqa.selenium.interactions.Actions.&lt;init&gt;(Actions.java:65)
	at pages.HomePage.&lt;init&gt;(HomePage.java:14)
	at tests.AddingReviewTest.AddingReviewing(AddingReviewTest.java:16)
... Removed 29 stack frames</div></td></tr></table><p class="totop"><a href="#summary">back to summary</a></p>
<h3 id="m9">tests.ChangeCurrency#ChangeProductCurrency</h3><table class="result"><tr><th>Exception</th></tr><tr><td><div class="stacktrace">java.lang.NullPointerException
	at java.util.Objects.requireNonNull(Objects.java:203)
	at org.openqa.selenium.interactions.Actions.&lt;init&gt;(Actions.java:65)
	at pages.HomePage.&lt;init&gt;(HomePage.java:14)
	at tests.ChangeCurrency.ChangeProductCurrency(ChangeCurrency.java:16)
... Removed 29 stack frames</div></td></tr></table><p class="totop"><a href="#summary">back to summary</a></p>
<h3 id="m10">tests.ChangePasswordTest#ChangePassword</h3><table class="result"><tr><th>Exception</th></tr><tr><td><div class="stacktrace">java.lang.NullPointerException
	at java.util.Objects.requireNonNull(Objects.java:203)
	at org.openqa.selenium.interactions.Actions.&lt;init&gt;(Actions.java:65)
	at pages.HomePage.&lt;init&gt;(HomePage.java:14)
	at tests.ChangePasswordTest.ChangePassword(ChangePasswordTest.java:29)
... Removed 29 stack frames</div></td></tr></table><p class="totop"><a href="#summary">back to summary</a></p>
<h3 id="m11">tests.ContactUsTest#ContactUs</h3><table class="result"><tr><th>Exception</th></tr><tr><td><div class="stacktrace">java.lang.NullPointerException
	at java.util.Objects.requireNonNull(Objects.java:203)
	at org.openqa.selenium.interactions.Actions.&lt;init&gt;(Actions.java:65)
	at pages.HomePage.&lt;init&gt;(HomePage.java:14)
	at tests.ContactUsTest.ContactUs(ContactUsTest.java:13)
... Removed 29 stack frames</div></td></tr></table><p class="totop"><a href="#summary">back to summary</a></p>
<h3 id="m12">tests.OpenNotebooks#OpenNotebooksByHover</h3><table class="result"><tr><th>Exception</th></tr><tr><td><div class="stacktrace">java.lang.NullPointerException
	at java.util.Objects.requireNonNull(Objects.java:203)
	at org.openqa.selenium.interactions.Actions.&lt;init&gt;(Actions.java:65)
	at pages.HomePage.&lt;init&gt;(HomePage.java:14)
	at tests.OpenNotebooks.OpenNotebooksByHover(OpenNotebooks.java:17)
... Removed 29 stack frames</div></td></tr></table><p class="totop"><a href="#summary">back to summary</a></p>
<h3 id="m13">tests.RegisterationTest#UserCanRegister</h3><table class="result"><tr><th>Exception</th></tr><tr><td><div class="stacktrace">org.openqa.selenium.NoSuchElementException: Cannot locate an element using css selector=div.result
For documentation on this error, please visit: https://www.seleniumhq.org/exceptions/no_such_element.html
Build info: version: &apos;3.141.59&apos;, revision: &apos;e82be7d358&apos;, time: &apos;2018-11-14T08:17:03&apos;
System info: host: &apos;E0473750&apos;, ip: &apos;192.168.1.5&apos;, os.name: &apos;Windows 10&apos;, os.arch: &apos;amd64&apos;, os.version: &apos;10.0&apos;, java.version: &apos;1.8.0_201&apos;
Driver info: driver.version: RemoteWebDriver
	at org.openqa.selenium.remote.RemoteWebDriver.findElement(RemoteWebDriver.java:327)
	at org.openqa.selenium.remote.RemoteWebDriver.findElementByCssSelector(RemoteWebDriver.java:420)
	at org.openqa.selenium.By$ByCssSelector.findElement(By.java:431)
	at org.openqa.selenium.remote.RemoteWebDriver.findElement(RemoteWebDriver.java:315)
	at org.openqa.selenium.support.pagefactory.DefaultElementLocator.findElement(DefaultElementLocator.java:69)
	at org.openqa.selenium.support.pagefactory.internal.LocatingElementHandler.invoke(LocatingElementHandler.java:38)
	at com.sun.proxy.$Proxy10.getText(Unknown Source)
	at pages.UserRegisterationPage.RegisterUser(UserRegisterationPage.java:64)
	at tests.RegisterationTest.UserCanRegister(RegisterationTest.java:16)
... Removed 29 stack frames</div></td></tr></table><p class="totop"><a href="#summary">back to summary</a></p>
<h3 id="m14">tests.SearchProduct#ProductSearch</h3><table class="result"><tr><th>Exception</th></tr><tr><td><div class="stacktrace">java.lang.NullPointerException
	at org.openqa.selenium.support.pagefactory.DefaultElementLocator.findElement(DefaultElementLocator.java:69)
	at org.openqa.selenium.support.pagefactory.internal.LocatingElementHandler.invoke(LocatingElementHandler.java:38)
	at com.sun.proxy.$Proxy10.clear(Unknown Source)
	at pages.pagebase.Type(pagebase.java:29)
	at pages.SearchPage.SearchOnProduct(SearchPage.java:42)
	at tests.SearchProduct.ProductSearch(SearchProduct.java:18)
... Removed 29 stack frames</div></td></tr></table><p class="totop"><a href="#summary">back to summary</a></p>
<h3 id="m15">tests.SendFriendEmailTest#SendFriendEmail</h3><table class="result"><tr><th>Exception</th></tr><tr><td><div class="stacktrace">java.lang.NullPointerException
	at java.util.Objects.requireNonNull(Objects.java:203)
	at org.openqa.selenium.interactions.Actions.&lt;init&gt;(Actions.java:65)
	at pages.HomePage.&lt;init&gt;(HomePage.java:14)
	at tests.SendFriendEmailTest.SendFriendEmail(SendFriendEmailTest.java:16)
... Removed 29 stack frames</div></td></tr></table><p class="totop"><a href="#summary">back to summary</a></p>
</body>
</html>
