-------------------------------------------------------------------------------
Test set: TestSuite
-------------------------------------------------------------------------------
Tests run: 16, Failures: 16, Errors: 0, Skipped: 0, Time elapsed: 26.36 s <<< FAILURE! - in TestSuite
UserCanRegister(tests.RegisterationTest)  Time elapsed: 12.08 s  <<< FAILURE!
org.openqa.selenium.NoSuchElementException: 
Cannot locate an element using css selector=div.result
For documentation on this error, please visit: https://www.seleniumhq.org/exceptions/no_such_element.html
Build info: version: '3.141.59', revision: 'e82be7d358', time: '2018-11-14T08:17:03'
System info: host: 'E0473750', ip: '192.168.1.5', os.name: 'Windows 10', os.arch: 'amd64', os.version: '10.0', java.version: '1.8.0_201'
Driver info: driver.version: RemoteWebDriver
	at tests.RegisterationTest.UserCanRegister(RegisterationTest.java:16)

TakeScreenShotWhenFailure(tests.RegisterationTest)  Time elapsed: 12.135 s  <<< FAILURE!
org.openqa.selenium.NoSuchWindowException: 
no such window: target window already closed
from unknown error: web view not found
  (Session info: chrome=73.0.3683.103)
  (Driver info: chromedriver=2.45.615291 (ec3682e3c9061c10f26ea9e5cdcf3c53f3f74387),platform=Windows NT 10.0.16299 x86_64) (WARNING: The server did not provide any stacktrace information)
Command duration or timeout: 0 milliseconds
Build info: version: '3.141.59', revision: 'e82be7d358', time: '2018-11-14T08:17:03'
System info: host: 'E0473750', ip: '192.168.1.5', os.name: 'Windows 10', os.arch: 'amd64', os.version: '10.0', java.version: '1.8.0_201'
Driver info: org.openqa.selenium.chrome.ChromeDriver
Capabilities {acceptInsecureCerts: false, acceptSslCerts: false, applicationCacheEnabled: false, browserConnectionEnabled: false, browserName: chrome, chrome: {chromedriverVersion: 2.45.615291 (ec3682e3c9061c..., userDataDir: C:\Users\AfifiA2\AppData\Lo...}, cssSelectorsEnabled: true, databaseEnabled: false, goog:chromeOptions: {debuggerAddress: localhost:52209}, handlesAlerts: true, hasTouchScreen: false, javascriptEnabled: true, locationContextEnabled: true, mobileEmulationEnabled: false, nativeEvents: true, networkConnectionEnabled: false, pageLoadStrategy: normal, platform: XP, platformName: XP, proxy: Proxy(), rotatable: false, setWindowRect: true, strictFileInteractability: false, takesHeapSnapshot: true, takesScreenshot: true, timeouts: {implicit: 0, pageLoad: 300000, script: 30000}, unexpectedAlertBehaviour: ignore, unhandledPromptBehavior: ignore, version: 73.0.3683.103, webStorageEnabled: true}
Session ID: e6b4b8cec0a4e834a32e15c46b0eba93

ContactUs(tests.ContactUsTest)  Time elapsed: 0 s  <<< FAILURE!
java.lang.NullPointerException
	at tests.ContactUsTest.ContactUs(ContactUsTest.java:13)

TakeScreenShotWhenFailure(tests.ContactUsTest)  Time elapsed: 0.005 s  <<< FAILURE!
java.lang.NullPointerException

ProductSearch(tests.SearchProduct)  Time elapsed: 0.015 s  <<< FAILURE!
java.lang.NullPointerException
	at tests.SearchProduct.ProductSearch(SearchProduct.java:18)

TakeScreenShotWhenFailure(tests.SearchProduct)  Time elapsed: 0.02 s  <<< FAILURE!
java.lang.NullPointerException

ChangeProductCurrency(tests.ChangeCurrency)  Time elapsed: 0.005 s  <<< FAILURE!
java.lang.NullPointerException
	at tests.ChangeCurrency.ChangeProductCurrency(ChangeCurrency.java:16)

TakeScreenShotWhenFailure(tests.ChangeCurrency)  Time elapsed: 0.01 s  <<< FAILURE!
java.lang.NullPointerException

OpenNotebooksByHover(tests.OpenNotebooks)  Time elapsed: 0 s  <<< FAILURE!
java.lang.NullPointerException
	at tests.OpenNotebooks.OpenNotebooksByHover(OpenNotebooks.java:17)

TakeScreenShotWhenFailure(tests.OpenNotebooks)  Time elapsed: 0.005 s  <<< FAILURE!
java.lang.NullPointerException

SendFriendEmail(tests.SendFriendEmailTest)  Time elapsed: 0 s  <<< FAILURE!
java.lang.NullPointerException
	at tests.SendFriendEmailTest.SendFriendEmail(SendFriendEmailTest.java:16)

TakeScreenShotWhenFailure(tests.SendFriendEmailTest)  Time elapsed: 0.005 s  <<< FAILURE!
java.lang.NullPointerException

AddingReviewing(tests.AddingReviewTest)  Time elapsed: 0 s  <<< FAILURE!
java.lang.NullPointerException
	at tests.AddingReviewTest.AddingReviewing(AddingReviewTest.java:16)

TakeScreenShotWhenFailure(tests.AddingReviewTest)  Time elapsed: 0.01 s  <<< FAILURE!
java.lang.NullPointerException

ChangePassword(tests.ChangePasswordTest)  Time elapsed: 0 s  <<< FAILURE!
java.lang.NullPointerException
	at tests.ChangePasswordTest.ChangePassword(ChangePasswordTest.java:29)

TakeScreenShotWhenFailure(tests.ChangePasswordTest)  Time elapsed: 0.005 s  <<< FAILURE!
java.lang.NullPointerException

